This file contains any messages produced by compilers while
running configure, to aid debugging if configure makes a mistake.

It was created by tesseract configure 3.03, which was
generated by GNU Autoconf 2.69.  Invocation command line was

  $ ./configure 

## --------- ##
## Platform. ##
## --------- ##

hostname = newname
uname -m = x86_64
uname -r = 3.16.0-30-generic
uname -s = Linux
uname -v = #40-Ubuntu SMP Mon Jan 12 22:06:37 UTC 2015

/usr/bin/uname -p = unknown
/bin/uname -X     = unknown

/bin/arch              = unknown
/usr/bin/arch -k       = unknown
/usr/convex/getsysinfo = unknown
/usr/bin/hostinfo      = unknown
/bin/machine           = unknown
/usr/bin/oslevel       = unknown
/bin/universe          = unknown

PATH: /usr/local/sbin
PATH: /usr/local/bin
PATH: /usr/sbin
PATH: /usr/bin
PATH: /sbin
PATH: /bin
PATH: /usr/games
PATH: /usr/local/games
PATH: /root/home/ram/adt-bundle-linux-x86-20140702/sdk/
PATH: /root/home/ram/adt-bundle-linux-x86-20140702/sdk/tools


## ----------- ##
## Core tests. ##
## ----------- ##

configure:2684: checking for a BSD-compatible install
configure:2752: result: /usr/bin/install -c
configure:2763: checking whether build environment is sane
configure:2818: result: yes
configure:2969: checking for a thread-safe mkdir -p
configure:3008: result: /bin/mkdir -p
configure:3015: checking for gawk
configure:3045: result: no
configure:3015: checking for mawk
configure:3031: found /usr/bin/mawk
configure:3042: result: mawk
configure:3053: checking whether make sets $(MAKE)
configure:3075: result: yes
configure:3104: checking whether make supports nested variables
configure:3121: result: yes
configure:3250: checking whether to enable maintainer-specific portions of Makefiles
configure:3259: result: no
configure:3310: checking build system type
configure:3324: result: x86_64-unknown-linux-gnu
configure:3344: checking host system type
configure:3357: result: x86_64-unknown-linux-gnu
configure:3476: checking --enable-graphics argument
configure:3485: result: yes
configure:3502: checking --enable-embedded argument
configure:3511: result: no
configure:3527: checking --enable-opencl argument
configure:3536: result: no
configure:3558: checking --enable-visibility argument
configure:3567: result: no
configure:3579: checking --enable-multiple-libraries argument
configure:3588: result: no
configure:3600: checking whether to use tessdata-prefix
configure:3609: result: yes
configure:3621: checking whether to enable debugging
configure:3630: result: no
configure:3729: checking for g++
configure:3745: found /usr/bin/g++
configure:3756: result: g++
configure:3783: checking for C++ compiler version
configure:3792: g++ --version >&5
g++ (Ubuntu 4.9.1-16ubuntu6) 4.9.1
Copyright (C) 2014 Free Software Foundation, Inc.
This is free software; see the source for copying conditions.  There is NO
warranty; not even for MERCHANTABILITY or FITNESS FOR A PARTICULAR PURPOSE.

configure:3803: $? = 0
configure:3792: g++ -v >&5
Using built-in specs.
COLLECT_GCC=g++
COLLECT_LTO_WRAPPER=/usr/lib/gcc/x86_64-linux-gnu/4.9/lto-wrapper
Target: x86_64-linux-gnu
Configured with: ../src/configure -v --with-pkgversion='Ubuntu 4.9.1-16ubuntu6' --with-bugurl=file:///usr/share/doc/gcc-4.9/README.Bugs --enable-languages=c,c++,java,go,d,fortran,objc,obj-c++ --prefix=/usr --program-suffix=-4.9 --enable-shared --enable-linker-build-id --libexecdir=/usr/lib --without-included-gettext --enable-threads=posix --with-gxx-include-dir=/usr/include/c++/4.9 --libdir=/usr/lib --enable-nls --with-sysroot=/ --enable-clocale=gnu --enable-libstdcxx-debug --enable-libstdcxx-time=yes --enable-gnu-unique-object --disable-vtable-verify --enable-plugin --with-system-zlib --disable-browser-plugin --enable-java-awt=gtk --enable-gtk-cairo --with-java-home=/usr/lib/jvm/java-1.5.0-gcj-4.9-amd64/jre --enable-java-home --with-jvm-root-dir=/usr/lib/jvm/java-1.5.0-gcj-4.9-amd64 --with-jvm-jar-dir=/usr/lib/jvm-exports/java-1.5.0-gcj-4.9-amd64 --with-arch-directory=amd64 --with-ecj-jar=/usr/share/java/eclipse-ecj.jar --enable-objc-gc --enable-multiarch --disable-werror --with-arch-32=i686 --with-abi=m64 --with-multilib-list=m32,m64,mx32 --enable-multilib --with-tune=generic --enable-checking=release --build=x86_64-linux-gnu --host=x86_64-linux-gnu --target=x86_64-linux-gnu
Thread model: posix
gcc version 4.9.1 (Ubuntu 4.9.1-16ubuntu6) 
configure:3803: $? = 0
configure:3792: g++ -V >&5
g++: error: unrecognized command line option '-V'
g++: fatal error: no input files
compilation terminated.
configure:3803: $? = 4
configure:3792: g++ -qversion >&5
g++: error: unrecognized command line option '-qversion'
g++: fatal error: no input files
compilation terminated.
configure:3803: $? = 4
configure:3823: checking whether the C++ compiler works
configure:3845: g++    conftest.cpp  >&5
configure:3849: $? = 0
configure:3897: result: yes
configure:3900: checking for C++ compiler default output file name
configure:3902: result: a.out
configure:3908: checking for suffix of executables
configure:3915: g++ -o conftest    conftest.cpp  >&5
configure:3919: $? = 0
configure:3941: result: 
configure:3963: checking whether we are cross compiling
configure:3971: g++ -o conftest    conftest.cpp  >&5
configure:3975: $? = 0
configure:3982: ./conftest
configure:3986: $? = 0
configure:4001: result: no
configure:4006: checking for suffix of object files
configure:4028: g++ -c   conftest.cpp >&5
configure:4032: $? = 0
configure:4053: result: o
configure:4057: checking whether we are using the GNU C++ compiler
configure:4076: g++ -c   conftest.cpp >&5
configure:4076: $? = 0
configure:4085: result: yes
configure:4094: checking whether g++ accepts -g
configure:4114: g++ -c -g  conftest.cpp >&5
configure:4114: $? = 0
configure:4155: result: yes
configure:4189: checking for style of include used by make
configure:4217: result: GNU
configure:4243: checking dependency style of g++
configure:4354: result: gcc3
configure:4416: checking how to print strings
configure:4443: result: printf
configure:4512: checking for gcc
configure:4528: found /usr/bin/gcc
configure:4539: result: gcc
configure:4768: checking for C compiler version
configure:4777: gcc --version >&5
gcc (Ubuntu 4.9.1-16ubuntu6) 4.9.1
Copyright (C) 2014 Free Software Foundation, Inc.
This is free software; see the source for copying conditions.  There is NO
warranty; not even for MERCHANTABILITY or FITNESS FOR A PARTICULAR PURPOSE.

configure:4788: $? = 0
configure:4777: gcc -v >&5
Using built-in specs.
COLLECT_GCC=gcc
COLLECT_LTO_WRAPPER=/usr/lib/gcc/x86_64-linux-gnu/4.9/lto-wrapper
Target: x86_64-linux-gnu
Configured with: ../src/configure -v --with-pkgversion='Ubuntu 4.9.1-16ubuntu6' --with-bugurl=file:///usr/share/doc/gcc-4.9/README.Bugs --enable-languages=c,c++,java,go,d,fortran,objc,obj-c++ --prefix=/usr --program-suffix=-4.9 --enable-shared --enable-linker-build-id --libexecdir=/usr/lib --without-included-gettext --enable-threads=posix --with-gxx-include-dir=/usr/include/c++/4.9 --libdir=/usr/lib --enable-nls --with-sysroot=/ --enable-clocale=gnu --enable-libstdcxx-debug --enable-libstdcxx-time=yes --enable-gnu-unique-object --disable-vtable-verify --enable-plugin --with-system-zlib --disable-browser-plugin --enable-java-awt=gtk --enable-gtk-cairo --with-java-home=/usr/lib/jvm/java-1.5.0-gcj-4.9-amd64/jre --enable-java-home --with-jvm-root-dir=/usr/lib/jvm/java-1.5.0-gcj-4.9-amd64 --with-jvm-jar-dir=/usr/lib/jvm-exports/java-1.5.0-gcj-4.9-amd64 --with-arch-directory=amd64 --with-ecj-jar=/usr/share/java/eclipse-ecj.jar --enable-objc-gc --enable-multiarch --disable-werror --with-arch-32=i686 --with-abi=m64 --with-multilib-list=m32,m64,mx32 --enable-multilib --with-tune=generic --enable-checking=release --build=x86_64-linux-gnu --host=x86_64-linux-gnu --target=x86_64-linux-gnu
Thread model: posix
gcc version 4.9.1 (Ubuntu 4.9.1-16ubuntu6) 
configure:4788: $? = 0
configure:4777: gcc -V >&5
gcc: error: unrecognized command line option '-V'
gcc: fatal error: no input files
compilation terminated.
configure:4788: $? = 4
configure:4777: gcc -qversion >&5
gcc: error: unrecognized command line option '-qversion'
gcc: fatal error: no input files
compilation terminated.
configure:4788: $? = 4
configure:4792: checking whether we are using the GNU C compiler
configure:4811: gcc -c   conftest.c >&5
configure:4811: $? = 0
configure:4820: result: yes
configure:4829: checking whether gcc accepts -g
configure:4849: gcc -c -g  conftest.c >&5
configure:4849: $? = 0
configure:4890: result: yes
configure:4907: checking for gcc option to accept ISO C89
configure:4970: gcc  -c -g -O2  conftest.c >&5
configure:4970: $? = 0
configure:4983: result: none needed
configure:5008: checking whether gcc understands -c and -o together
configure:5030: gcc -c conftest.c -o conftest2.o
configure:5033: $? = 0
configure:5030: gcc -c conftest.c -o conftest2.o
configure:5033: $? = 0
configure:5045: result: yes
configure:5064: checking dependency style of gcc
configure:5175: result: gcc3
configure:5190: checking for a sed that does not truncate output
configure:5254: result: /bin/sed
configure:5272: checking for grep that handles long lines and -e
configure:5330: result: /bin/grep
configure:5335: checking for egrep
configure:5397: result: /bin/grep -E
configure:5402: checking for fgrep
configure:5464: result: /bin/grep -F
configure:5499: checking for ld used by gcc
configure:5566: result: /usr/bin/ld
configure:5573: checking if the linker (/usr/bin/ld) is GNU ld
configure:5588: result: yes
configure:5600: checking for BSD- or MS-compatible name lister (nm)
configure:5649: result: /usr/bin/nm -B
configure:5779: checking the name lister (/usr/bin/nm -B) interface
configure:5786: gcc -c -g -O2  conftest.c >&5
configure:5789: /usr/bin/nm -B "conftest.o"
configure:5792: output
0000000000000000 B some_variable
configure:5799: result: BSD nm
configure:5802: checking whether ln -s works
configure:5806: result: yes
configure:5814: checking the maximum length of command line arguments
configure:5945: result: 1572864
configure:5962: checking whether the shell understands some XSI constructs
configure:5972: result: yes
configure:5976: checking whether the shell understands "+="
configure:5982: result: yes
configure:6017: checking how to convert x86_64-unknown-linux-gnu file names to x86_64-unknown-linux-gnu format
configure:6057: result: func_convert_file_noop
configure:6064: checking how to convert x86_64-unknown-linux-gnu file names to toolchain format
configure:6084: result: func_convert_file_noop
configure:6091: checking for /usr/bin/ld option to reload object files
configure:6098: result: -r
configure:6172: checking for objdump
configure:6188: found /usr/bin/objdump
configure:6199: result: objdump
configure:6231: checking how to recognize dependent libraries
configure:6429: result: pass_all
configure:6514: checking for dlltool
configure:6544: result: no
configure:6574: checking how to associate runtime and link libraries
configure:6601: result: printf %s\n
configure:6662: checking for ar
configure:6678: found /usr/bin/ar
configure:6689: result: ar
configure:6726: checking for archiver @FILE support
configure:6743: gcc -c -g -O2  conftest.c >&5
configure:6743: $? = 0
configure:6746: ar cru libconftest.a @conftest.lst >&5
configure:6749: $? = 0
configure:6754: ar cru libconftest.a @conftest.lst >&5
ar: conftest.o: No such file or directory
configure:6757: $? = 1
configure:6769: result: @
configure:6827: checking for strip
configure:6843: found /usr/bin/strip
configure:6854: result: strip
configure:6926: checking for ranlib
configure:6942: found /usr/bin/ranlib
configure:6953: result: ranlib
configure:7055: checking command to parse /usr/bin/nm -B output from gcc object
configure:7175: gcc -c -g -O2  conftest.c >&5
configure:7178: $? = 0
configure:7182: /usr/bin/nm -B conftest.o \| sed -n -e 's/^.*[ ]\([ABCDGIRSTW][ABCDGIRSTW]*\)[ ][ ]*\([_A-Za-z][_A-Za-z0-9]*\)$/\1 \2 \2/p' | sed '/ __gnu_lto/d' \> conftest.nm
configure:7185: $? = 0
configure:7251: gcc -o conftest -g -O2   conftest.c conftstm.o >&5
configure:7254: $? = 0
configure:7292: result: ok
configure:7329: checking for sysroot
configure:7359: result: no
configure:7436: gcc -c -g -O2  conftest.c >&5
configure:7439: $? = 0
configure:7628: checking for mt
configure:7644: found /bin/mt
configure:7655: result: mt
configure:7678: checking if mt is a manifest tool
configure:7684: mt '-?'
configure:7692: result: no
configure:8334: checking how to run the C preprocessor
configure:8365: gcc -E  conftest.c
configure:8365: $? = 0
configure:8379: gcc -E  conftest.c
conftest.c:15:28: fatal error: ac_nonexistent.h: No such file or directory
 #include <ac_nonexistent.h>
                            ^
compilation terminated.
configure:8379: $? = 1
configure: failed program was:
| /* confdefs.h */
| #define PACKAGE_NAME "tesseract"
| #define PACKAGE_TARNAME "tesseract"
| #define PACKAGE_VERSION "3.03"
| #define PACKAGE_STRING "tesseract 3.03"
| #define PACKAGE_BUGREPORT "http://code.google.com/p/tesseract-ocr/issues/list"
| #define PACKAGE_URL ""
| #define PACKAGE_NAME "tesseract"
| #define PACKAGE_VERSION "3.03"
| #define PACKAGE_YEAR "2014"
| #define PACKAGE_DATE "01/14"
| #define PACKAGE "tesseract"
| #define VERSION "3.03"
| /* end confdefs.h.  */
| #include <ac_nonexistent.h>
configure:8404: result: gcc -E
configure:8424: gcc -E  conftest.c
configure:8424: $? = 0
configure:8438: gcc -E  conftest.c
conftest.c:15:28: fatal error: ac_nonexistent.h: No such file or directory
 #include <ac_nonexistent.h>
                            ^
compilation terminated.
configure:8438: $? = 1
configure: failed program was:
| /* confdefs.h */
| #define PACKAGE_NAME "tesseract"
| #define PACKAGE_TARNAME "tesseract"
| #define PACKAGE_VERSION "3.03"
| #define PACKAGE_STRING "tesseract 3.03"
| #define PACKAGE_BUGREPORT "http://code.google.com/p/tesseract-ocr/issues/list"
| #define PACKAGE_URL ""
| #define PACKAGE_NAME "tesseract"
| #define PACKAGE_VERSION "3.03"
| #define PACKAGE_YEAR "2014"
| #define PACKAGE_DATE "01/14"
| #define PACKAGE "tesseract"
| #define VERSION "3.03"
| /* end confdefs.h.  */
| #include <ac_nonexistent.h>
configure:8467: checking for ANSI C header files
configure:8487: gcc -c -g -O2  conftest.c >&5
configure:8487: $? = 0
configure:8560: gcc -o conftest -g -O2   conftest.c  >&5
configure:8560: $? = 0
configure:8560: ./conftest
configure:8560: $? = 0
configure:8571: result: yes
configure:8584: checking for sys/types.h
configure:8584: gcc -c -g -O2  conftest.c >&5
configure:8584: $? = 0
configure:8584: result: yes
configure:8584: checking for sys/stat.h
configure:8584: gcc -c -g -O2  conftest.c >&5
configure:8584: $? = 0
configure:8584: result: yes
configure:8584: checking for stdlib.h
configure:8584: gcc -c -g -O2  conftest.c >&5
configure:8584: $? = 0
configure:8584: result: yes
configure:8584: checking for string.h
configure:8584: gcc -c -g -O2  conftest.c >&5
configure:8584: $? = 0
configure:8584: result: yes
configure:8584: checking for memory.h
configure:8584: gcc -c -g -O2  conftest.c >&5
configure:8584: $? = 0
configure:8584: result: yes
configure:8584: checking for strings.h
configure:8584: gcc -c -g -O2  conftest.c >&5
configure:8584: $? = 0
configure:8584: result: yes
configure:8584: checking for inttypes.h
configure:8584: gcc -c -g -O2  conftest.c >&5
configure:8584: $? = 0
configure:8584: result: yes
configure:8584: checking for stdint.h
configure:8584: gcc -c -g -O2  conftest.c >&5
configure:8584: $? = 0
configure:8584: result: yes
configure:8584: checking for unistd.h
configure:8584: gcc -c -g -O2  conftest.c >&5
configure:8584: $? = 0
configure:8584: result: yes
configure:8598: checking for dlfcn.h
configure:8598: gcc -c -g -O2  conftest.c >&5
configure:8598: $? = 0
configure:8598: result: yes
configure:8815: checking for objdir
configure:8830: result: .libs
configure:9097: checking if gcc supports -fno-rtti -fno-exceptions
configure:9115: gcc -c -g -O2  -fno-rtti -fno-exceptions conftest.c >&5
cc1: warning: command line option '-fno-rtti' is valid for C++/ObjC++ but not for C
configure:9119: $? = 0
configure:9132: result: no
configure:9459: checking for gcc option to produce PIC
configure:9466: result: -fPIC -DPIC
configure:9474: checking if gcc PIC flag -fPIC -DPIC works
configure:9492: gcc -c -g -O2  -fPIC -DPIC -DPIC conftest.c >&5
configure:9496: $? = 0
configure:9509: result: yes
configure:9538: checking if gcc static flag -static works
configure:9566: result: yes
configure:9581: checking if gcc supports -c -o file.o
configure:9602: gcc -c -g -O2  -o out/conftest2.o conftest.c >&5
configure:9606: $? = 0
configure:9628: result: yes
configure:9636: checking if gcc supports -c -o file.o
configure:9683: result: yes
configure:9716: checking whether the gcc linker (/usr/bin/ld -m elf_x86_64) supports shared libraries
configure:10873: result: yes
configure:10910: checking whether -lc should be explicitly linked in
configure:10918: gcc -c -g -O2  conftest.c >&5
configure:10921: $? = 0
configure:10936: gcc -shared  -fPIC -DPIC conftest.o  -v -Wl,-soname -Wl,conftest -o conftest 2\>\&1 \| /bin/grep  -lc  \>/dev/null 2\>\&1
configure:10939: $? = 0
configure:10953: result: no
configure:11113: checking dynamic linker characteristics
configure:11613: gcc -o conftest -g -O2   -Wl,-rpath -Wl,/foo conftest.c  >&5
configure:11613: $? = 0
configure:11847: result: GNU/Linux ld.so
configure:11954: checking how to hardcode library paths into programs
configure:11979: result: immediate
configure:12519: checking whether stripping libraries is possible
configure:12524: result: yes
configure:12559: checking if libtool supports shared libraries
configure:12561: result: yes
configure:12564: checking whether to build shared libraries
configure:12585: result: yes
configure:12588: checking whether to build static libraries
configure:12592: result: yes
configure:12615: checking how to run the C++ preprocessor
configure:12642: g++ -E  conftest.cpp
configure:12642: $? = 0
configure:12656: g++ -E  conftest.cpp
conftest.cpp:27:28: fatal error: ac_nonexistent.h: No such file or directory
 #include <ac_nonexistent.h>
                            ^
compilation terminated.
configure:12656: $? = 1
configure: failed program was:
| /* confdefs.h */
| #define PACKAGE_NAME "tesseract"
| #define PACKAGE_TARNAME "tesseract"
| #define PACKAGE_VERSION "3.03"
| #define PACKAGE_STRING "tesseract 3.03"
| #define PACKAGE_BUGREPORT "http://code.google.com/p/tesseract-ocr/issues/list"
| #define PACKAGE_URL ""
| #define PACKAGE_NAME "tesseract"
| #define PACKAGE_VERSION "3.03"
| #define PACKAGE_YEAR "2014"
| #define PACKAGE_DATE "01/14"
| #define PACKAGE "tesseract"
| #define VERSION "3.03"
| #define STDC_HEADERS 1
| #define HAVE_SYS_TYPES_H 1
| #define HAVE_SYS_STAT_H 1
| #define HAVE_STDLIB_H 1
| #define HAVE_STRING_H 1
| #define HAVE_MEMORY_H 1
| #define HAVE_STRINGS_H 1
| #define HAVE_INTTYPES_H 1
| #define HAVE_STDINT_H 1
| #define HAVE_UNISTD_H 1
| #define HAVE_DLFCN_H 1
| #define LT_OBJDIR ".libs/"
| /* end confdefs.h.  */
| #include <ac_nonexistent.h>
configure:12681: result: g++ -E
configure:12701: g++ -E  conftest.cpp
configure:12701: $? = 0
configure:12715: g++ -E  conftest.cpp
conftest.cpp:27:28: fatal error: ac_nonexistent.h: No such file or directory
 #include <ac_nonexistent.h>
                            ^
compilation terminated.
configure:12715: $? = 1
configure: failed program was:
| /* confdefs.h */
| #define PACKAGE_NAME "tesseract"
| #define PACKAGE_TARNAME "tesseract"
| #define PACKAGE_VERSION "3.03"
| #define PACKAGE_STRING "tesseract 3.03"
| #define PACKAGE_BUGREPORT "http://code.google.com/p/tesseract-ocr/issues/list"
| #define PACKAGE_URL ""
| #define PACKAGE_NAME "tesseract"
| #define PACKAGE_VERSION "3.03"
| #define PACKAGE_YEAR "2014"
| #define PACKAGE_DATE "01/14"
| #define PACKAGE "tesseract"
| #define VERSION "3.03"
| #define STDC_HEADERS 1
| #define HAVE_SYS_TYPES_H 1
| #define HAVE_SYS_STAT_H 1
| #define HAVE_STDLIB_H 1
| #define HAVE_STRING_H 1
| #define HAVE_MEMORY_H 1
| #define HAVE_STRINGS_H 1
| #define HAVE_INTTYPES_H 1
| #define HAVE_STDINT_H 1
| #define HAVE_UNISTD_H 1
| #define HAVE_DLFCN_H 1
| #define LT_OBJDIR ".libs/"
| /* end confdefs.h.  */
| #include <ac_nonexistent.h>
configure:12884: checking for ld used by g++
configure:12951: result: /usr/bin/ld -m elf_x86_64
configure:12958: checking if the linker (/usr/bin/ld -m elf_x86_64) is GNU ld
configure:12973: result: yes
configure:13028: checking whether the g++ linker (/usr/bin/ld -m elf_x86_64) supports shared libraries
configure:14030: result: yes
configure:14066: g++ -c   conftest.cpp >&5
configure:14069: $? = 0
configure:14589: checking for g++ option to produce PIC
configure:14596: result: -fPIC -DPIC
configure:14604: checking if g++ PIC flag -fPIC -DPIC works
configure:14622: g++ -c   -fPIC -DPIC -DPIC conftest.cpp >&5
configure:14626: $? = 0
configure:14639: result: yes
configure:14662: checking if g++ static flag -static works
configure:14690: result: yes
configure:14702: checking if g++ supports -c -o file.o
configure:14723: g++ -c   -o out/conftest2.o conftest.cpp >&5
configure:14727: $? = 0
configure:14749: result: yes
configure:14754: checking if g++ supports -c -o file.o
configure:14801: result: yes
configure:14831: checking whether the g++ linker (/usr/bin/ld -m elf_x86_64) supports shared libraries
configure:14870: result: yes
configure:15011: checking dynamic linker characteristics
configure:15679: result: GNU/Linux ld.so
configure:15732: checking how to hardcode library paths into programs
configure:15757: result: immediate
configure:15826: checking whether byte ordering is bigendian
configure:15841: gcc -c -g -O2  conftest.c >&5
conftest.c:28:9: error: unknown type name 'not'
         not a universal capable compiler
         ^
conftest.c:28:15: error: expected '=', ',', ';', 'asm' or '__attribute__' before 'universal'
         not a universal capable compiler
               ^
conftest.c:28:15: error: unknown type name 'universal'
configure:15841: $? = 1
configure: failed program was:
| /* confdefs.h */
| #define PACKAGE_NAME "tesseract"
| #define PACKAGE_TARNAME "tesseract"
| #define PACKAGE_VERSION "3.03"
| #define PACKAGE_STRING "tesseract 3.03"
| #define PACKAGE_BUGREPORT "http://code.google.com/p/tesseract-ocr/issues/list"
| #define PACKAGE_URL ""
| #define PACKAGE_NAME "tesseract"
| #define PACKAGE_VERSION "3.03"
| #define PACKAGE_YEAR "2014"
| #define PACKAGE_DATE "01/14"
| #define PACKAGE "tesseract"
| #define VERSION "3.03"
| #define STDC_HEADERS 1
| #define HAVE_SYS_TYPES_H 1
| #define HAVE_SYS_STAT_H 1
| #define HAVE_STDLIB_H 1
| #define HAVE_STRING_H 1
| #define HAVE_MEMORY_H 1
| #define HAVE_STRINGS_H 1
| #define HAVE_INTTYPES_H 1
| #define HAVE_STDINT_H 1
| #define HAVE_UNISTD_H 1
| #define HAVE_DLFCN_H 1
| #define LT_OBJDIR ".libs/"
| /* end confdefs.h.  */
| #ifndef __APPLE_CC__
| 	       not a universal capable compiler
| 	     #endif
| 	     typedef int dummy;
| 
configure:15886: gcc -c -g -O2  conftest.c >&5
configure:15886: $? = 0
configure:15904: gcc -c -g -O2  conftest.c >&5
conftest.c: In function 'main':
conftest.c:34:4: error: unknown type name 'not'
    not big endian
    ^
conftest.c:34:12: error: expected '=', ',', ';', 'asm' or '__attribute__' before 'endian'
    not big endian
            ^
configure:15904: $? = 1
configure: failed program was:
| /* confdefs.h */
| #define PACKAGE_NAME "tesseract"
| #define PACKAGE_TARNAME "tesseract"
| #define PACKAGE_VERSION "3.03"
| #define PACKAGE_STRING "tesseract 3.03"
| #define PACKAGE_BUGREPORT "http://code.google.com/p/tesseract-ocr/issues/list"
| #define PACKAGE_URL ""
| #define PACKAGE_NAME "tesseract"
| #define PACKAGE_VERSION "3.03"
| #define PACKAGE_YEAR "2014"
| #define PACKAGE_DATE "01/14"
| #define PACKAGE "tesseract"
| #define VERSION "3.03"
| #define STDC_HEADERS 1
| #define HAVE_SYS_TYPES_H 1
| #define HAVE_SYS_STAT_H 1
| #define HAVE_STDLIB_H 1
| #define HAVE_STRING_H 1
| #define HAVE_MEMORY_H 1
| #define HAVE_STRINGS_H 1
| #define HAVE_INTTYPES_H 1
| #define HAVE_STDINT_H 1
| #define HAVE_UNISTD_H 1
| #define HAVE_DLFCN_H 1
| #define LT_OBJDIR ".libs/"
| /* end confdefs.h.  */
| #include <sys/types.h>
| 		#include <sys/param.h>
| 
| int
| main ()
| {
| #if BYTE_ORDER != BIG_ENDIAN
| 		 not big endian
| 		#endif
| 
|   ;
|   return 0;
| }
configure:16032: result: no
configure:16072: checking if compiling with clang
configure:16089: g++ -c   conftest.cpp >&5
conftest.cpp: In function 'int main()':
conftest.cpp:33:12: error: 'clang' was not declared in this scope
        not clang
            ^
configure:16089: $? = 1
configure: failed program was:
| /* confdefs.h */
| #define PACKAGE_NAME "tesseract"
| #define PACKAGE_TARNAME "tesseract"
| #define PACKAGE_VERSION "3.03"
| #define PACKAGE_STRING "tesseract 3.03"
| #define PACKAGE_BUGREPORT "http://code.google.com/p/tesseract-ocr/issues/list"
| #define PACKAGE_URL ""
| #define PACKAGE_NAME "tesseract"
| #define PACKAGE_VERSION "3.03"
| #define PACKAGE_YEAR "2014"
| #define PACKAGE_DATE "01/14"
| #define PACKAGE "tesseract"
| #define VERSION "3.03"
| #define STDC_HEADERS 1
| #define HAVE_SYS_TYPES_H 1
| #define HAVE_SYS_STAT_H 1
| #define HAVE_STDLIB_H 1
| #define HAVE_STRING_H 1
| #define HAVE_MEMORY_H 1
| #define HAVE_STRINGS_H 1
| #define HAVE_INTTYPES_H 1
| #define HAVE_STDINT_H 1
| #define HAVE_UNISTD_H 1
| #define HAVE_DLFCN_H 1
| #define LT_OBJDIR ".libs/"
| /* end confdefs.h.  */
| 
| int
| main ()
| {
| 
| #ifndef __clang__
|        not clang
| #endif
| 
|   ;
|   return 0;
| }
configure:16096: result: no
configure:16101: checking whether compiler supports C++11
configure:16115: g++ -c  -std=c++11  conftest.cpp >&5
configure:16115: $? = 0
configure:16117: result: yes
configure:16131: checking for snprintf
configure:16131: g++ -o conftest  -std=c++11   conftest.cpp  >&5
configure:16131: $? = 0
configure:16131: result: yes
configure:16148: checking for library containing sem_init
configure:16179: g++ -o conftest    conftest.cpp  >&5
/tmp/ccQZu4L5.o: In function `main':
conftest.cpp:(.text+0x5): undefined reference to `sem_init'
collect2: error: ld returned 1 exit status
configure:16179: $? = 1
configure: failed program was:
| /* confdefs.h */
| #define PACKAGE_NAME "tesseract"
| #define PACKAGE_TARNAME "tesseract"
| #define PACKAGE_VERSION "3.03"
| #define PACKAGE_STRING "tesseract 3.03"
| #define PACKAGE_BUGREPORT "http://code.google.com/p/tesseract-ocr/issues/list"
| #define PACKAGE_URL ""
| #define PACKAGE_NAME "tesseract"
| #define PACKAGE_VERSION "3.03"
| #define PACKAGE_YEAR "2014"
| #define PACKAGE_DATE "01/14"
| #define PACKAGE "tesseract"
| #define VERSION "3.03"
| #define STDC_HEADERS 1
| #define HAVE_SYS_TYPES_H 1
| #define HAVE_SYS_STAT_H 1
| #define HAVE_STDLIB_H 1
| #define HAVE_STRING_H 1
| #define HAVE_MEMORY_H 1
| #define HAVE_STRINGS_H 1
| #define HAVE_INTTYPES_H 1
| #define HAVE_STDINT_H 1
| #define HAVE_UNISTD_H 1
| #define HAVE_DLFCN_H 1
| #define LT_OBJDIR ".libs/"
| #define HAVE_SNPRINTF 1
| /* end confdefs.h.  */
| 
| /* Override any GCC internal prototype to avoid an error.
|    Use char because int might match the return type of a GCC
|    builtin and then its argument prototype would still apply.  */
| #ifdef __cplusplus
| extern "C"
| #endif
| char sem_init ();
| int
| main ()
| {
| return sem_init ();
|   ;
|   return 0;
| }
configure:16179: g++ -o conftest    conftest.cpp -lpthread   >&5
configure:16179: $? = 0
configure:16196: result: -lpthread
configure:16211: checking for ANSI C header files
configure:16315: result: yes
configure:16323: checking whether time.h and sys/time.h may both be included
configure:16343: g++ -c   conftest.cpp >&5
configure:16343: $? = 0
configure:16350: result: yes
configure:16358: checking for sys/wait.h that is POSIX.1 compatible
configure:16384: g++ -c   conftest.cpp >&5
configure:16384: $? = 0
configure:16391: result: yes
configure:16402: checking sys/ipc.h usability
configure:16402: g++ -c   conftest.cpp >&5
configure:16402: $? = 0
configure:16402: result: yes
configure:16402: checking sys/ipc.h presence
configure:16402: g++ -E  conftest.cpp
configure:16402: $? = 0
configure:16402: result: yes
configure:16402: checking for sys/ipc.h
configure:16402: result: yes
configure:16402: checking sys/shm.h usability
configure:16402: g++ -c   conftest.cpp >&5
configure:16402: $? = 0
configure:16402: result: yes
configure:16402: checking sys/shm.h presence
configure:16402: g++ -E  conftest.cpp
configure:16402: $? = 0
configure:16402: result: yes
configure:16402: checking for sys/shm.h
configure:16402: result: yes
configure:16415: checking limits.h usability
configure:16415: g++ -c   conftest.cpp >&5
configure:16415: $? = 0
configure:16415: result: yes
configure:16415: checking limits.h presence
configure:16415: g++ -E  conftest.cpp
configure:16415: $? = 0
configure:16415: result: yes
configure:16415: checking for limits.h
configure:16415: result: yes
configure:16415: checking malloc.h usability
configure:16415: g++ -c   conftest.cpp >&5
configure:16415: $? = 0
configure:16415: result: yes
configure:16415: checking malloc.h presence
configure:16415: g++ -E  conftest.cpp
configure:16415: $? = 0
configure:16415: result: yes
configure:16415: checking for malloc.h
configure:16415: result: yes
configure:16426: checking for stdbool.h that conforms to C99
configure:16493: g++ -c   conftest.cpp >&5
configure:16493: $? = 0
configure:16500: result: yes
configure:16502: checking for _Bool
configure:16502: g++ -c   conftest.cpp >&5
conftest.cpp: In function 'int main()':
conftest.cpp:71:13: error: '_Bool' was not declared in this scope
 if (sizeof (_Bool))
             ^
configure:16502: $? = 1
configure: failed program was:
| /* confdefs.h */
| #define PACKAGE_NAME "tesseract"
| #define PACKAGE_TARNAME "tesseract"
| #define PACKAGE_VERSION "3.03"
| #define PACKAGE_STRING "tesseract 3.03"
| #define PACKAGE_BUGREPORT "http://code.google.com/p/tesseract-ocr/issues/list"
| #define PACKAGE_URL ""
| #define PACKAGE_NAME "tesseract"
| #define PACKAGE_VERSION "3.03"
| #define PACKAGE_YEAR "2014"
| #define PACKAGE_DATE "01/14"
| #define PACKAGE "tesseract"
| #define VERSION "3.03"
| #define STDC_HEADERS 1
| #define HAVE_SYS_TYPES_H 1
| #define HAVE_SYS_STAT_H 1
| #define HAVE_STDLIB_H 1
| #define HAVE_STRING_H 1
| #define HAVE_MEMORY_H 1
| #define HAVE_STRINGS_H 1
| #define HAVE_INTTYPES_H 1
| #define HAVE_STDINT_H 1
| #define HAVE_UNISTD_H 1
| #define HAVE_DLFCN_H 1
| #define LT_OBJDIR ".libs/"
| #define HAVE_SNPRINTF 1
| #define STDC_HEADERS 1
| #define TIME_WITH_SYS_TIME 1
| #define HAVE_SYS_WAIT_H 1
| #define HAVE_SYS_IPC_H 1
| #define HAVE_SYS_SHM_H 1
| #define HAVE_LIMITS_H 1
| #define HAVE_MALLOC_H 1
| /* end confdefs.h.  */
| #include <stdio.h>
| #ifdef HAVE_SYS_TYPES_H
| # include <sys/types.h>
| #endif
| #ifdef HAVE_SYS_STAT_H
| # include <sys/stat.h>
| #endif
| #ifdef STDC_HEADERS
| # include <stdlib.h>
| # include <stddef.h>
| #else
| # ifdef HAVE_STDLIB_H
| #  include <stdlib.h>
| # endif
| #endif
| #ifdef HAVE_STRING_H
| # if !defined STDC_HEADERS && defined HAVE_MEMORY_H
| #  include <memory.h>
| # endif
| # include <string.h>
| #endif
| #ifdef HAVE_STRINGS_H
| # include <strings.h>
| #endif
| #ifdef HAVE_INTTYPES_H
| # include <inttypes.h>
| #endif
| #ifdef HAVE_STDINT_H
| # include <stdint.h>
| #endif
| #ifdef HAVE_UNISTD_H
| # include <unistd.h>
| #endif
| int
| main ()
| {
| if (sizeof (_Bool))
| 	 return 0;
|   ;
|   return 0;
| }
configure:16502: result: no
configure:16521: checking whether #! works in shell scripts
configure:16538: result: yes
configure:16549: checking for special C compiler options needed for large files
configure:16594: result: no
configure:16600: checking for _FILE_OFFSET_BITS value needed for large files
configure:16625: g++ -c   conftest.cpp >&5
configure:16625: $? = 0
configure:16657: result: no
configure:16745: checking for getline
configure:16745: g++ -o conftest    conftest.cpp -lpthread  >&5
configure:16745: $? = 0
configure:16745: result: yes
configure:16759: checking for wchar_t
configure:16759: g++ -c   conftest.cpp >&5
configure:16759: $? = 0
configure:16759: g++ -c   conftest.cpp >&5
conftest.cpp: In function 'int main()':
conftest.cpp:73:14: error: expected primary-expression before 'wchar_t'
 if (sizeof ((wchar_t)))
              ^
conftest.cpp:73:14: error: expected ')' before 'wchar_t'
conftest.cpp:74:14: error: expected ')' before ';' token
      return 0;
              ^
conftest.cpp:74:14: error: expected ')' before ';' token
configure:16759: $? = 1
configure: failed program was:
| /* confdefs.h */
| #define PACKAGE_NAME "tesseract"
| #define PACKAGE_TARNAME "tesseract"
| #define PACKAGE_VERSION "3.03"
| #define PACKAGE_STRING "tesseract 3.03"
| #define PACKAGE_BUGREPORT "http://code.google.com/p/tesseract-ocr/issues/list"
| #define PACKAGE_URL ""
| #define PACKAGE_NAME "tesseract"
| #define PACKAGE_VERSION "3.03"
| #define PACKAGE_YEAR "2014"
| #define PACKAGE_DATE "01/14"
| #define PACKAGE "tesseract"
| #define VERSION "3.03"
| #define STDC_HEADERS 1
| #define HAVE_SYS_TYPES_H 1
| #define HAVE_SYS_STAT_H 1
| #define HAVE_STDLIB_H 1
| #define HAVE_STRING_H 1
| #define HAVE_MEMORY_H 1
| #define HAVE_STRINGS_H 1
| #define HAVE_INTTYPES_H 1
| #define HAVE_STDINT_H 1
| #define HAVE_UNISTD_H 1
| #define HAVE_DLFCN_H 1
| #define LT_OBJDIR ".libs/"
| #define HAVE_SNPRINTF 1
| #define STDC_HEADERS 1
| #define TIME_WITH_SYS_TIME 1
| #define HAVE_SYS_WAIT_H 1
| #define HAVE_SYS_IPC_H 1
| #define HAVE_SYS_SHM_H 1
| #define HAVE_LIMITS_H 1
| #define HAVE_MALLOC_H 1
| #define HAVE_STDBOOL_H 1
| #define HAVE_GETLINE 1
| /* end confdefs.h.  */
| #include <stdio.h>
| #ifdef HAVE_SYS_TYPES_H
| # include <sys/types.h>
| #endif
| #ifdef HAVE_SYS_STAT_H
| # include <sys/stat.h>
| #endif
| #ifdef STDC_HEADERS
| # include <stdlib.h>
| # include <stddef.h>
| #else
| # ifdef HAVE_STDLIB_H
| #  include <stdlib.h>
| # endif
| #endif
| #ifdef HAVE_STRING_H
| # if !defined STDC_HEADERS && defined HAVE_MEMORY_H
| #  include <memory.h>
| # endif
| # include <string.h>
| #endif
| #ifdef HAVE_STRINGS_H
| # include <strings.h>
| #endif
| #ifdef HAVE_INTTYPES_H
| # include <inttypes.h>
| #endif
| #ifdef HAVE_STDINT_H
| # include <stdint.h>
| #endif
| #ifdef HAVE_UNISTD_H
| # include <unistd.h>
| #endif
| int
| main ()
| {
| if (sizeof ((wchar_t)))
| 	    return 0;
|   ;
|   return 0;
| }
configure:16759: result: yes
configure:16769: checking for long long int
configure:16769: g++ -c   conftest.cpp >&5
configure:16769: $? = 0
configure:16769: g++ -c   conftest.cpp >&5
conftest.cpp: In function 'int main()':
conftest.cpp:74:14: error: expected primary-expression before 'long'
 if (sizeof ((long long int)))
              ^
conftest.cpp:74:14: error: expected ')' before 'long'
conftest.cpp:75:14: error: expected ')' before ';' token
      return 0;
              ^
conftest.cpp:75:14: error: expected ')' before ';' token
configure:16769: $? = 1
configure: failed program was:
| /* confdefs.h */
| #define PACKAGE_NAME "tesseract"
| #define PACKAGE_TARNAME "tesseract"
| #define PACKAGE_VERSION "3.03"
| #define PACKAGE_STRING "tesseract 3.03"
| #define PACKAGE_BUGREPORT "http://code.google.com/p/tesseract-ocr/issues/list"
| #define PACKAGE_URL ""
| #define PACKAGE_NAME "tesseract"
| #define PACKAGE_VERSION "3.03"
| #define PACKAGE_YEAR "2014"
| #define PACKAGE_DATE "01/14"
| #define PACKAGE "tesseract"
| #define VERSION "3.03"
| #define STDC_HEADERS 1
| #define HAVE_SYS_TYPES_H 1
| #define HAVE_SYS_STAT_H 1
| #define HAVE_STDLIB_H 1
| #define HAVE_STRING_H 1
| #define HAVE_MEMORY_H 1
| #define HAVE_STRINGS_H 1
| #define HAVE_INTTYPES_H 1
| #define HAVE_STDINT_H 1
| #define HAVE_UNISTD_H 1
| #define HAVE_DLFCN_H 1
| #define LT_OBJDIR ".libs/"
| #define HAVE_SNPRINTF 1
| #define STDC_HEADERS 1
| #define TIME_WITH_SYS_TIME 1
| #define HAVE_SYS_WAIT_H 1
| #define HAVE_SYS_IPC_H 1
| #define HAVE_SYS_SHM_H 1
| #define HAVE_LIMITS_H 1
| #define HAVE_MALLOC_H 1
| #define HAVE_STDBOOL_H 1
| #define HAVE_GETLINE 1
| #define HAVE_WCHAR_T 1
| /* end confdefs.h.  */
| #include <stdio.h>
| #ifdef HAVE_SYS_TYPES_H
| # include <sys/types.h>
| #endif
| #ifdef HAVE_SYS_STAT_H
| # include <sys/stat.h>
| #endif
| #ifdef STDC_HEADERS
| # include <stdlib.h>
| # include <stddef.h>
| #else
| # ifdef HAVE_STDLIB_H
| #  include <stdlib.h>
| # endif
| #endif
| #ifdef HAVE_STRING_H
| # if !defined STDC_HEADERS && defined HAVE_MEMORY_H
| #  include <memory.h>
| # endif
| # include <string.h>
| #endif
| #ifdef HAVE_STRINGS_H
| # include <strings.h>
| #endif
| #ifdef HAVE_INTTYPES_H
| # include <inttypes.h>
| #endif
| #ifdef HAVE_STDINT_H
| # include <stdint.h>
| #endif
| #ifdef HAVE_UNISTD_H
| # include <unistd.h>
| #endif
| int
| main ()
| {
| if (sizeof ((long long int)))
| 	    return 0;
|   ;
|   return 0;
| }
configure:16769: result: yes
configure:16779: checking for mbstate_t
configure:16779: g++ -c   conftest.cpp >&5
configure:16779: $? = 0
configure:16779: g++ -c   conftest.cpp >&5
conftest.cpp: In function 'int main()':
conftest.cpp:44:23: error: expected primary-expression before ')' token
 if (sizeof ((mbstate_t)))
                       ^
configure:16779: $? = 1
configure: failed program was:
| /* confdefs.h */
| #define PACKAGE_NAME "tesseract"
| #define PACKAGE_TARNAME "tesseract"
| #define PACKAGE_VERSION "3.03"
| #define PACKAGE_STRING "tesseract 3.03"
| #define PACKAGE_BUGREPORT "http://code.google.com/p/tesseract-ocr/issues/list"
| #define PACKAGE_URL ""
| #define PACKAGE_NAME "tesseract"
| #define PACKAGE_VERSION "3.03"
| #define PACKAGE_YEAR "2014"
| #define PACKAGE_DATE "01/14"
| #define PACKAGE "tesseract"
| #define VERSION "3.03"
| #define STDC_HEADERS 1
| #define HAVE_SYS_TYPES_H 1
| #define HAVE_SYS_STAT_H 1
| #define HAVE_STDLIB_H 1
| #define HAVE_STRING_H 1
| #define HAVE_MEMORY_H 1
| #define HAVE_STRINGS_H 1
| #define HAVE_INTTYPES_H 1
| #define HAVE_STDINT_H 1
| #define HAVE_UNISTD_H 1
| #define HAVE_DLFCN_H 1
| #define LT_OBJDIR ".libs/"
| #define HAVE_SNPRINTF 1
| #define STDC_HEADERS 1
| #define TIME_WITH_SYS_TIME 1
| #define HAVE_SYS_WAIT_H 1
| #define HAVE_SYS_IPC_H 1
| #define HAVE_SYS_SHM_H 1
| #define HAVE_LIMITS_H 1
| #define HAVE_MALLOC_H 1
| #define HAVE_STDBOOL_H 1
| #define HAVE_GETLINE 1
| #define HAVE_WCHAR_T 1
| #define HAVE_LONG_LONG_INT 1
| /* end confdefs.h.  */
| #include "wchar.h"
| 
| int
| main ()
| {
| if (sizeof ((mbstate_t)))
| 	    return 0;
|   ;
|   return 0;
| }
configure:16779: result: yes
configure:16796: checking for leptonica
configure:16815: result: yes
configure:16817: checking for pixCreate in -llept
configure:16842: g++ -o conftest   -I/usr/include/leptonica  conftest.cpp -llept  -lpthread  >&5
configure:16842: $? = 0
configure:16851: result: yes
configure:16868: checking leptonica version >= 1.70
configure:16885: g++ -E  -I/usr/include/leptonica conftest.cpp
configure:16885: $? = 0
configure:16886: result: yes
configure:16900: checking unicode/uchar.h usability
configure:16900: g++ -c   -I/usr/include/leptonica conftest.cpp >&5
configure:16900: $? = 0
configure:16900: result: yes
configure:16900: checking unicode/uchar.h presence
configure:16900: g++ -E  -I/usr/include/leptonica conftest.cpp
configure:16900: $? = 0
configure:16900: result: yes
configure:16900: checking for unicode/uchar.h
configure:16900: result: yes
configure:16931: checking pango-1.0/pango/pango-features.h usability
configure:16931: g++ -c   -I/usr/include/leptonica conftest.cpp >&5
conftest.cpp:75:44: fatal error: pango-1.0/pango/pango-features.h: No such file or directory
 #include <pango-1.0/pango/pango-features.h>
                                            ^
compilation terminated.
configure:16931: $? = 1
configure: failed program was:
| /* confdefs.h */
| #define PACKAGE_NAME "tesseract"
| #define PACKAGE_TARNAME "tesseract"
| #define PACKAGE_VERSION "3.03"
| #define PACKAGE_STRING "tesseract 3.03"
| #define PACKAGE_BUGREPORT "http://code.google.com/p/tesseract-ocr/issues/list"
| #define PACKAGE_URL ""
| #define PACKAGE_NAME "tesseract"
| #define PACKAGE_VERSION "3.03"
| #define PACKAGE_YEAR "2014"
| #define PACKAGE_DATE "01/14"
| #define PACKAGE "tesseract"
| #define VERSION "3.03"
| #define STDC_HEADERS 1
| #define HAVE_SYS_TYPES_H 1
| #define HAVE_SYS_STAT_H 1
| #define HAVE_STDLIB_H 1
| #define HAVE_STRING_H 1
| #define HAVE_MEMORY_H 1
| #define HAVE_STRINGS_H 1
| #define HAVE_INTTYPES_H 1
| #define HAVE_STDINT_H 1
| #define HAVE_UNISTD_H 1
| #define HAVE_DLFCN_H 1
| #define LT_OBJDIR ".libs/"
| #define HAVE_SNPRINTF 1
| #define STDC_HEADERS 1
| #define TIME_WITH_SYS_TIME 1
| #define HAVE_SYS_WAIT_H 1
| #define HAVE_SYS_IPC_H 1
| #define HAVE_SYS_SHM_H 1
| #define HAVE_LIMITS_H 1
| #define HAVE_MALLOC_H 1
| #define HAVE_STDBOOL_H 1
| #define HAVE_GETLINE 1
| #define HAVE_WCHAR_T 1
| #define HAVE_LONG_LONG_INT 1
| #define HAVE_MBSTATE_T 1
| #define HAVE_LIBLEPT 1
| #define HAVE_UNICODE_UCHAR_H 1
| /* end confdefs.h.  */
| #include <stdio.h>
| #ifdef HAVE_SYS_TYPES_H
| # include <sys/types.h>
| #endif
| #ifdef HAVE_SYS_STAT_H
| # include <sys/stat.h>
| #endif
| #ifdef STDC_HEADERS
| # include <stdlib.h>
| # include <stddef.h>
| #else
| # ifdef HAVE_STDLIB_H
| #  include <stdlib.h>
| # endif
| #endif
| #ifdef HAVE_STRING_H
| # if !defined STDC_HEADERS && defined HAVE_MEMORY_H
| #  include <memory.h>
| # endif
| # include <string.h>
| #endif
| #ifdef HAVE_STRINGS_H
| # include <strings.h>
| #endif
| #ifdef HAVE_INTTYPES_H
| # include <inttypes.h>
| #endif
| #ifdef HAVE_STDINT_H
| # include <stdint.h>
| #endif
| #ifdef HAVE_UNISTD_H
| # include <unistd.h>
| #endif
| #include <pango-1.0/pango/pango-features.h>
configure:16931: result: no
configure:16931: checking pango-1.0/pango/pango-features.h presence
configure:16931: g++ -E  -I/usr/include/leptonica conftest.cpp
conftest.cpp:42:44: fatal error: pango-1.0/pango/pango-features.h: No such file or directory
 #include <pango-1.0/pango/pango-features.h>
                                            ^
compilation terminated.
configure:16931: $? = 1
configure: failed program was:
| /* confdefs.h */
| #define PACKAGE_NAME "tesseract"
| #define PACKAGE_TARNAME "tesseract"
| #define PACKAGE_VERSION "3.03"
| #define PACKAGE_STRING "tesseract 3.03"
| #define PACKAGE_BUGREPORT "http://code.google.com/p/tesseract-ocr/issues/list"
| #define PACKAGE_URL ""
| #define PACKAGE_NAME "tesseract"
| #define PACKAGE_VERSION "3.03"
| #define PACKAGE_YEAR "2014"
| #define PACKAGE_DATE "01/14"
| #define PACKAGE "tesseract"
| #define VERSION "3.03"
| #define STDC_HEADERS 1
| #define HAVE_SYS_TYPES_H 1
| #define HAVE_SYS_STAT_H 1
| #define HAVE_STDLIB_H 1
| #define HAVE_STRING_H 1
| #define HAVE_MEMORY_H 1
| #define HAVE_STRINGS_H 1
| #define HAVE_INTTYPES_H 1
| #define HAVE_STDINT_H 1
| #define HAVE_UNISTD_H 1
| #define HAVE_DLFCN_H 1
| #define LT_OBJDIR ".libs/"
| #define HAVE_SNPRINTF 1
| #define STDC_HEADERS 1
| #define TIME_WITH_SYS_TIME 1
| #define HAVE_SYS_WAIT_H 1
| #define HAVE_SYS_IPC_H 1
| #define HAVE_SYS_SHM_H 1
| #define HAVE_LIMITS_H 1
| #define HAVE_MALLOC_H 1
| #define HAVE_STDBOOL_H 1
| #define HAVE_GETLINE 1
| #define HAVE_WCHAR_T 1
| #define HAVE_LONG_LONG_INT 1
| #define HAVE_MBSTATE_T 1
| #define HAVE_LIBLEPT 1
| #define HAVE_UNICODE_UCHAR_H 1
| /* end confdefs.h.  */
| #include <pango-1.0/pango/pango-features.h>
configure:16931: result: no
configure:16931: checking for pango-1.0/pango/pango-features.h
configure:16931: result: no
configure:16944: WARNING: Training tools WILL NOT be built because of missing pango library.
configure:16946: WARNING: Try to install libpango1.0-dev package.
configure:16964: checking cairo/cairo-version.h usability
configure:16964: g++ -c   -I/usr/include/leptonica conftest.cpp >&5
conftest.cpp:75:33: fatal error: cairo/cairo-version.h: No such file or directory
 #include <cairo/cairo-version.h>
                                 ^
compilation terminated.
configure:16964: $? = 1
configure: failed program was:
| /* confdefs.h */
| #define PACKAGE_NAME "tesseract"
| #define PACKAGE_TARNAME "tesseract"
| #define PACKAGE_VERSION "3.03"
| #define PACKAGE_STRING "tesseract 3.03"
| #define PACKAGE_BUGREPORT "http://code.google.com/p/tesseract-ocr/issues/list"
| #define PACKAGE_URL ""
| #define PACKAGE_NAME "tesseract"
| #define PACKAGE_VERSION "3.03"
| #define PACKAGE_YEAR "2014"
| #define PACKAGE_DATE "01/14"
| #define PACKAGE "tesseract"
| #define VERSION "3.03"
| #define STDC_HEADERS 1
| #define HAVE_SYS_TYPES_H 1
| #define HAVE_SYS_STAT_H 1
| #define HAVE_STDLIB_H 1
| #define HAVE_STRING_H 1
| #define HAVE_MEMORY_H 1
| #define HAVE_STRINGS_H 1
| #define HAVE_INTTYPES_H 1
| #define HAVE_STDINT_H 1
| #define HAVE_UNISTD_H 1
| #define HAVE_DLFCN_H 1
| #define LT_OBJDIR ".libs/"
| #define HAVE_SNPRINTF 1
| #define STDC_HEADERS 1
| #define TIME_WITH_SYS_TIME 1
| #define HAVE_SYS_WAIT_H 1
| #define HAVE_SYS_IPC_H 1
| #define HAVE_SYS_SHM_H 1
| #define HAVE_LIMITS_H 1
| #define HAVE_MALLOC_H 1
| #define HAVE_STDBOOL_H 1
| #define HAVE_GETLINE 1
| #define HAVE_WCHAR_T 1
| #define HAVE_LONG_LONG_INT 1
| #define HAVE_MBSTATE_T 1
| #define HAVE_LIBLEPT 1
| #define HAVE_UNICODE_UCHAR_H 1
| /* end confdefs.h.  */
| #include <stdio.h>
| #ifdef HAVE_SYS_TYPES_H
| # include <sys/types.h>
| #endif
| #ifdef HAVE_SYS_STAT_H
| # include <sys/stat.h>
| #endif
| #ifdef STDC_HEADERS
| # include <stdlib.h>
| # include <stddef.h>
| #else
| # ifdef HAVE_STDLIB_H
| #  include <stdlib.h>
| # endif
| #endif
| #ifdef HAVE_STRING_H
| # if !defined STDC_HEADERS && defined HAVE_MEMORY_H
| #  include <memory.h>
| # endif
| # include <string.h>
| #endif
| #ifdef HAVE_STRINGS_H
| # include <strings.h>
| #endif
| #ifdef HAVE_INTTYPES_H
| # include <inttypes.h>
| #endif
| #ifdef HAVE_STDINT_H
| # include <stdint.h>
| #endif
| #ifdef HAVE_UNISTD_H
| # include <unistd.h>
| #endif
| #include <cairo/cairo-version.h>
configure:16964: result: no
configure:16964: checking cairo/cairo-version.h presence
configure:16964: g++ -E  -I/usr/include/leptonica conftest.cpp
conftest.cpp:42:33: fatal error: cairo/cairo-version.h: No such file or directory
 #include <cairo/cairo-version.h>
                                 ^
compilation terminated.
configure:16964: $? = 1
configure: failed program was:
| /* confdefs.h */
| #define PACKAGE_NAME "tesseract"
| #define PACKAGE_TARNAME "tesseract"
| #define PACKAGE_VERSION "3.03"
| #define PACKAGE_STRING "tesseract 3.03"
| #define PACKAGE_BUGREPORT "http://code.google.com/p/tesseract-ocr/issues/list"
| #define PACKAGE_URL ""
| #define PACKAGE_NAME "tesseract"
| #define PACKAGE_VERSION "3.03"
| #define PACKAGE_YEAR "2014"
| #define PACKAGE_DATE "01/14"
| #define PACKAGE "tesseract"
| #define VERSION "3.03"
| #define STDC_HEADERS 1
| #define HAVE_SYS_TYPES_H 1
| #define HAVE_SYS_STAT_H 1
| #define HAVE_STDLIB_H 1
| #define HAVE_STRING_H 1
| #define HAVE_MEMORY_H 1
| #define HAVE_STRINGS_H 1
| #define HAVE_INTTYPES_H 1
| #define HAVE_STDINT_H 1
| #define HAVE_UNISTD_H 1
| #define HAVE_DLFCN_H 1
| #define LT_OBJDIR ".libs/"
| #define HAVE_SNPRINTF 1
| #define STDC_HEADERS 1
| #define TIME_WITH_SYS_TIME 1
| #define HAVE_SYS_WAIT_H 1
| #define HAVE_SYS_IPC_H 1
| #define HAVE_SYS_SHM_H 1
| #define HAVE_LIMITS_H 1
| #define HAVE_MALLOC_H 1
| #define HAVE_STDBOOL_H 1
| #define HAVE_GETLINE 1
| #define HAVE_WCHAR_T 1
| #define HAVE_LONG_LONG_INT 1
| #define HAVE_MBSTATE_T 1
| #define HAVE_LIBLEPT 1
| #define HAVE_UNICODE_UCHAR_H 1
| /* end confdefs.h.  */
| #include <cairo/cairo-version.h>
configure:16964: result: no
configure:16964: checking for cairo/cairo-version.h
configure:16964: result: no
configure:16977: WARNING: Training tools WILL NOT be built because of missing cairo library.
configure:16979: WARNING: Try to install libcairo-dev?? package.
configure:17184: checking that generated files are newer than configure
configure:17190: result: done
configure:17294: creating ./config.status

## ---------------------- ##
## Running config.status. ##
## ---------------------- ##

This file was extended by tesseract config.status 3.03, which was
generated by GNU Autoconf 2.69.  Invocation command line was

  CONFIG_FILES    = 
  CONFIG_HEADERS  = 
  CONFIG_LINKS    = 
  CONFIG_COMMANDS = 
  $ ./config.status 

on newname

config.status:1224: creating Makefile
config.status:1224: creating tesseract.pc
config.status:1224: creating api/Makefile
config.status:1224: creating ccmain/Makefile
config.status:1224: creating opencl/Makefile
config.status:1224: creating ccstruct/Makefile
config.status:1224: creating ccutil/Makefile
config.status:1224: creating classify/Makefile
config.status:1224: creating cube/Makefile
config.status:1224: creating cutil/Makefile
config.status:1224: creating dict/Makefile
config.status:1224: creating neural_networks/runtime/Makefile
config.status:1224: creating textord/Makefile
config.status:1224: creating viewer/Makefile
config.status:1224: creating wordrec/Makefile
config.status:1224: creating training/Makefile
config.status:1224: creating tessdata/Makefile
config.status:1224: creating tessdata/configs/Makefile
config.status:1224: creating tessdata/tessconfigs/Makefile
config.status:1224: creating testing/Makefile
config.status:1224: creating java/Makefile
config.status:1224: creating java/com/Makefile
config.status:1224: creating java/com/google/Makefile
config.status:1224: creating java/com/google/scrollview/Makefile
config.status:1224: creating java/com/google/scrollview/events/Makefile
config.status:1224: creating java/com/google/scrollview/ui/Makefile
config.status:1224: creating doc/Makefile
config.status:1224: creating config_auto.h
config.status:1453: executing depfiles commands
config.status:1453: executing libtool commands

## ---------------- ##
## Cache variables. ##
## ---------------- ##

ac_cv_build=x86_64-unknown-linux-gnu
ac_cv_c_bigendian=no
ac_cv_c_compiler_gnu=yes
ac_cv_cxx_compiler_gnu=yes
ac_cv_env_CCC_set=
ac_cv_env_CCC_value=
ac_cv_env_CC_set=
ac_cv_env_CC_value=
ac_cv_env_CFLAGS_set=
ac_cv_env_CFLAGS_value=
ac_cv_env_CPPFLAGS_set=
ac_cv_env_CPPFLAGS_value=
ac_cv_env_CPP_set=
ac_cv_env_CPP_value=
ac_cv_env_CXXCPP_set=
ac_cv_env_CXXCPP_value=
ac_cv_env_CXXFLAGS_set=
ac_cv_env_CXXFLAGS_value=
ac_cv_env_CXX_set=
ac_cv_env_CXX_value=
ac_cv_env_LDFLAGS_set=
ac_cv_env_LDFLAGS_value=
ac_cv_env_LIBLEPT_HEADERSDIR_set=
ac_cv_env_LIBLEPT_HEADERSDIR_value=
ac_cv_env_LIBS_set=
ac_cv_env_LIBS_value=
ac_cv_env_build_alias_set=
ac_cv_env_build_alias_value=
ac_cv_env_host_alias_set=
ac_cv_env_host_alias_value=
ac_cv_env_target_alias_set=
ac_cv_env_target_alias_value=
ac_cv_func_getline=yes
ac_cv_func_snprintf=yes
ac_cv_header_cairo_cairo_version_h=no
ac_cv_header_dlfcn_h=yes
ac_cv_header_inttypes_h=yes
ac_cv_header_limits_h=yes
ac_cv_header_malloc_h=yes
ac_cv_header_memory_h=yes
ac_cv_header_pango_1_0_pango_pango_features_h=no
ac_cv_header_stdbool_h=yes
ac_cv_header_stdc=yes
ac_cv_header_stdint_h=yes
ac_cv_header_stdlib_h=yes
ac_cv_header_string_h=yes
ac_cv_header_strings_h=yes
ac_cv_header_sys_ipc_h=yes
ac_cv_header_sys_shm_h=yes
ac_cv_header_sys_stat_h=yes
ac_cv_header_sys_types_h=yes
ac_cv_header_sys_wait_h=yes
ac_cv_header_time=yes
ac_cv_header_unicode_uchar_h=yes
ac_cv_header_unistd_h=yes
ac_cv_host=x86_64-unknown-linux-gnu
ac_cv_lib_lept_pixCreate=yes
ac_cv_objext=o
ac_cv_path_EGREP='/bin/grep -E'
ac_cv_path_FGREP='/bin/grep -F'
ac_cv_path_GREP=/bin/grep
ac_cv_path_SED=/bin/sed
ac_cv_path_install='/usr/bin/install -c'
ac_cv_path_mkdir=/bin/mkdir
ac_cv_prog_AWK=mawk
ac_cv_prog_CPP='gcc -E'
ac_cv_prog_CXXCPP='g++ -E'
ac_cv_prog_ac_ct_AR=ar
ac_cv_prog_ac_ct_CC=gcc
ac_cv_prog_ac_ct_CXX=g++
ac_cv_prog_ac_ct_MANIFEST_TOOL=mt
ac_cv_prog_ac_ct_OBJDUMP=objdump
ac_cv_prog_ac_ct_RANLIB=ranlib
ac_cv_prog_ac_ct_STRIP=strip
ac_cv_prog_cc_c89=
ac_cv_prog_cc_g=yes
ac_cv_prog_cxx_g=yes
ac_cv_prog_make_make_set=yes
ac_cv_search_sem_init=-lpthread
ac_cv_sys_file_offset_bits=no
ac_cv_sys_interpreter=yes
ac_cv_sys_largefile_CC=no
ac_cv_type__Bool=no
ac_cv_type_long_long_int=yes
ac_cv_type_mbstate_t=yes
ac_cv_type_wchar_t=yes
am_cv_CC_dependencies_compiler_type=gcc3
am_cv_CXX_dependencies_compiler_type=gcc3
am_cv_make_support_nested_variables=yes
am_cv_prog_cc_c_o=yes
lt_cv_ar_at_file=@
lt_cv_archive_cmds_need_lc=no
lt_cv_deplibs_check_method=pass_all
lt_cv_file_magic_cmd='$MAGIC_CMD'
lt_cv_file_magic_test_file=
lt_cv_ld_reload_flag=-r
lt_cv_nm_interface='BSD nm'
lt_cv_objdir=.libs
lt_cv_path_LD=/usr/bin/ld
lt_cv_path_LDCXX='/usr/bin/ld -m elf_x86_64'
lt_cv_path_NM='/usr/bin/nm -B'
lt_cv_path_mainfest_tool=no
lt_cv_prog_compiler_c_o=yes
lt_cv_prog_compiler_c_o_CXX=yes
lt_cv_prog_compiler_pic='-fPIC -DPIC'
lt_cv_prog_compiler_pic_CXX='-fPIC -DPIC'
lt_cv_prog_compiler_pic_works=yes
lt_cv_prog_compiler_pic_works_CXX=yes
lt_cv_prog_compiler_rtti_exceptions=no
lt_cv_prog_compiler_static_works=yes
lt_cv_prog_compiler_static_works_CXX=yes
lt_cv_prog_gnu_ld=yes
lt_cv_prog_gnu_ldcxx=yes
lt_cv_sharedlib_from_linklib_cmd='printf %s\n'
lt_cv_shlibpath_overrides_runpath=no
lt_cv_sys_global_symbol_pipe='sed -n -e '\''s/^.*[	 ]\([ABCDGIRSTW][ABCDGIRSTW]*\)[	 ][	 ]*\([_A-Za-z][_A-Za-z0-9]*\)$/\1 \2 \2/p'\'' | sed '\''/ __gnu_lto/d'\'''
lt_cv_sys_global_symbol_to_c_name_address='sed -n -e '\''s/^: \([^ ]*\)[ ]*$/  {\"\1\", (void *) 0},/p'\'' -e '\''s/^[ABCDGIRSTW]* \([^ ]*\) \([^ ]*\)$/  {"\2", (void *) \&\2},/p'\'''
lt_cv_sys_global_symbol_to_c_name_address_lib_prefix='sed -n -e '\''s/^: \([^ ]*\)[ ]*$/  {\"\1\", (void *) 0},/p'\'' -e '\''s/^[ABCDGIRSTW]* \([^ ]*\) \(lib[^ ]*\)$/  {"\2", (void *) \&\2},/p'\'' -e '\''s/^[ABCDGIRSTW]* \([^ ]*\) \([^ ]*\)$/  {"lib\2", (void *) \&\2},/p'\'''
lt_cv_sys_global_symbol_to_cdecl='sed -n -e '\''s/^T .* \(.*\)$/extern int \1();/p'\'' -e '\''s/^[ABCDGIRSTW]* .* \(.*\)$/extern char \1;/p'\'''
lt_cv_sys_max_cmd_len=1572864
lt_cv_to_host_file_cmd=func_convert_file_noop
lt_cv_to_tool_file_cmd=func_convert_file_noop

## ----------------- ##
## Output variables. ##
## ----------------- ##

ACLOCAL='${SHELL} /home/ram/tesseract-ocr/config/missing aclocal-1.14'
ADD_RT_FALSE='#'
ADD_RT_TRUE=''
AMDEPBACKSLASH='\'
AMDEP_FALSE='#'
AMDEP_TRUE=''
AMTAR='$${TAR-tar}'
AM_BACKSLASH='\'
AM_CPPFLAGS=' -O2 -DNDEBUG'
AM_DEFAULT_V='$(AM_DEFAULT_VERBOSITY)'
AM_DEFAULT_VERBOSITY='1'
AM_LDFLAGS=''
AM_V='$(V)'
AR='ar'
AUTOCONF='${SHELL} /home/ram/tesseract-ocr/config/missing autoconf'
AUTOHEADER='${SHELL} /home/ram/tesseract-ocr/config/missing autoheader'
AUTOMAKE='${SHELL} /home/ram/tesseract-ocr/config/missing automake-1.14'
AWK='mawk'
CC='gcc'
CCDEPMODE='depmode=gcc3'
CFLAGS='-g -O2'
CPP='gcc -E'
CPPFLAGS=' -I/usr/include/leptonica'
CXX='g++'
CXXCPP='g++ -E'
CXXDEPMODE='depmode=gcc3'
CXXFLAGS=' -std=c++11'
CYGPATH_W='echo'
DEFS='-DHAVE_CONFIG_H'
DEPDIR='.deps'
DLLTOOL='false'
DSYMUTIL=''
DUMPBIN=''
ECHO_C=''
ECHO_N='-n'
ECHO_T=''
EGREP='/bin/grep -E'
EMBEDDED_FALSE=''
EMBEDDED_TRUE='#'
ENABLE_TRAINING_FALSE=''
ENABLE_TRAINING_TRUE='#'
EXEEXT=''
FGREP='/bin/grep -F'
GENERIC_API_VERSION='3.3'
GENERIC_LIBRARY_NAME='tesseract'
GENERIC_LIBRARY_VERSION='3:3'
GENERIC_MAJOR_VERSION='3'
GENERIC_RELEASE='3.3'
GENERIC_VERSION='3.3.0'
GRAPHICS_DISABLED_FALSE=''
GRAPHICS_DISABLED_TRUE='#'
GREP='/bin/grep'
INSTALL_DATA='${INSTALL} -m 644'
INSTALL_PROGRAM='${INSTALL}'
INSTALL_SCRIPT='${INSTALL}'
INSTALL_STRIP_PROGRAM='$(install_sh) -c -s'
LD='/usr/bin/ld -m elf_x86_64'
LDFLAGS=''
LIBLEPT_HEADERSDIR='/usr/local/include /usr/include'
LIBOBJS=''
LIBS='-llept -lpthread '
LIBTOOL='$(SHELL) $(top_builddir)/libtool'
LIPO=''
LN_S='ln -s'
LTLIBOBJS=''
MAINT='#'
MAINTAINER_MODE_FALSE=''
MAINTAINER_MODE_TRUE='#'
MAKEINFO='${SHELL} /home/ram/tesseract-ocr/config/missing makeinfo'
MANIFEST_TOOL=':'
MINGW_FALSE=''
MINGW_TRUE='#'
MKDIR_P='/bin/mkdir -p'
NM='/usr/bin/nm -B'
NMEDIT=''
NO_TESSDATA_PREFIX_FALSE=''
NO_TESSDATA_PREFIX_TRUE='#'
OBJDUMP='objdump'
OBJEXT='o'
OPENCL_HDR_PATH=''
OPENCL_LIB=''
OSX_FALSE=''
OSX_TRUE='#'
OTOOL64=''
OTOOL=''
PACKAGE='tesseract'
PACKAGE_BUGREPORT='http://code.google.com/p/tesseract-ocr/issues/list'
PACKAGE_DATE='01/14'
PACKAGE_NAME='tesseract'
PACKAGE_STRING='tesseract 3.03'
PACKAGE_TARNAME='tesseract'
PACKAGE_URL=''
PACKAGE_VERSION='3.03'
PACKAGE_YEAR='2014'
PATH_SEPARATOR=':'
RANLIB='ranlib'
SED='/bin/sed'
SET_MAKE=''
SHELL='/bin/bash'
STRIP='strip'
USE_OPENCL_FALSE=''
USE_OPENCL_TRUE='#'
USING_MULTIPLELIBS_FALSE=''
USING_MULTIPLELIBS_TRUE='#'
VERSION='3.03'
VISIBILITY_FALSE=''
VISIBILITY_TRUE='#'
ac_ct_AR='ar'
ac_ct_CC='gcc'
ac_ct_CXX='g++'
ac_ct_DUMPBIN=''
am__EXEEXT_FALSE=''
am__EXEEXT_TRUE='#'
am__fastdepCC_FALSE='#'
am__fastdepCC_TRUE=''
am__fastdepCXX_FALSE='#'
am__fastdepCXX_TRUE=''
am__include='include'
am__isrc=''
am__leading_dot='.'
am__nodep='_no'
am__quote=''
am__tar='$${TAR-tar} chof - "$$tardir"'
am__untar='$${TAR-tar} xf -'
bindir='${exec_prefix}/bin'
build='x86_64-unknown-linux-gnu'
build_alias=''
build_cpu='x86_64'
build_os='linux-gnu'
build_vendor='unknown'
datadir='${datarootdir}'
datarootdir='${prefix}/share'
docdir='${datarootdir}/doc/${PACKAGE_TARNAME}'
dvidir='${docdir}'
exec_prefix='${prefix}'
host='x86_64-unknown-linux-gnu'
host_alias=''
host_cpu='x86_64'
host_os='linux-gnu'
host_vendor='unknown'
htmldir='${docdir}'
includedir='${prefix}/include/tesseract'
infodir='${datarootdir}/info'
install_sh='${SHELL} /home/ram/tesseract-ocr/config/install-sh'
libdir='${exec_prefix}/lib'
libexecdir='${exec_prefix}/libexec'
localedir='${datarootdir}/locale'
localstatedir='${prefix}/var'
mandir='${datarootdir}/man'
mkdir_p='$(MKDIR_P)'
oldincludedir='/usr/include'
pdfdir='${docdir}'
prefix='/usr/local'
program_transform_name='s,x,x,'
psdir='${docdir}'
sbindir='${exec_prefix}/sbin'
sharedstatedir='${prefix}/com'
sysconfdir='${prefix}/etc'
target_alias=''

## ----------- ##
## confdefs.h. ##
## ----------- ##

/* confdefs.h */
#define PACKAGE_NAME "tesseract"
#define PACKAGE_TARNAME "tesseract"
#define PACKAGE_VERSION "3.03"
#define PACKAGE_STRING "tesseract 3.03"
#define PACKAGE_BUGREPORT "http://code.google.com/p/tesseract-ocr/issues/list"
#define PACKAGE_URL ""
#define PACKAGE_NAME "tesseract"
#define PACKAGE_VERSION "3.03"
#define PACKAGE_YEAR "2014"
#define PACKAGE_DATE "01/14"
#define PACKAGE "tesseract"
#define VERSION "3.03"
#define STDC_HEADERS 1
#define HAVE_SYS_TYPES_H 1
#define HAVE_SYS_STAT_H 1
#define HAVE_STDLIB_H 1
#define HAVE_STRING_H 1
#define HAVE_MEMORY_H 1
#define HAVE_STRINGS_H 1
#define HAVE_INTTYPES_H 1
#define HAVE_STDINT_H 1
#define HAVE_UNISTD_H 1
#define HAVE_DLFCN_H 1
#define LT_OBJDIR ".libs/"
#define HAVE_SNPRINTF 1
#define STDC_HEADERS 1
#define TIME_WITH_SYS_TIME 1
#define HAVE_SYS_WAIT_H 1
#define HAVE_SYS_IPC_H 1
#define HAVE_SYS_SHM_H 1
#define HAVE_LIMITS_H 1
#define HAVE_MALLOC_H 1
#define HAVE_STDBOOL_H 1
#define HAVE_GETLINE 1
#define HAVE_WCHAR_T 1
#define HAVE_LONG_LONG_INT 1
#define HAVE_MBSTATE_T 1
#define HAVE_LIBLEPT 1
#define HAVE_UNICODE_UCHAR_H 1

configure: exit 0
